<?xml version="1.0" encoding="UTF-8"?>
<!-- Generated by org.testng.reporters.JUnitReportReporter -->
<testsuite hostname="GOD-PC" name="Basics.PdfReader" tests="1" failures="0" timestamp="8 Jun 2020 11:23:52 GMT" time="5.034" errors="0">
  <testcase name="Reader" time="5.034" classname="Basics.PdfReader"/>
</testsuite> <!-- Basics.PdfReader -->
