<?xml version="1.0" encoding="UTF-8"?>
<!-- Generated by org.testng.reporters.JUnitReportReporter -->
<testsuite hostname="GOD-PC" name="Basics.Dropdownshort" tests="1" failures="0" timestamp="8 Jun 2020 11:05:13 GMT" time="44.510" errors="0">
  <testcase name="setUp" time="44.510" classname="Basics.Dropdownshort"/>
</testsuite> <!-- Basics.Dropdownshort -->
