<?xml version="1.0" encoding="UTF-8"?>
<!-- Generated by org.testng.reporters.JUnitReportReporter -->
<testsuite hostname="GOD-PC" name="Basics.Headless" tests="1" failures="0" timestamp="2 Jul 2020 08:40:01 GMT" time="125.050" errors="0">
  <testcase name="setUp" time="125.050" classname="Basics.Headless"/>
</testsuite> <!-- Basics.Headless -->
