<?xml version="1.0" encoding="UTF-8"?>
<!-- Generated by org.testng.reporters.JUnitReportReporter -->
<testsuite hostname="GOD-PC" name="Basics.Autocomplete" tests="1" failures="0" timestamp="28 Jun 2020 04:33:59 GMT" time="10.423" errors="0">
  <testcase name="auto_Complete" time="10.423" classname="Basics.Autocomplete"/>
</testsuite> <!-- Basics.Autocomplete -->
