<?xml version="1.0" encoding="UTF-8"?>
<!-- Generated by org.testng.reporters.JUnitReportReporter -->
<testsuite hostname="GOD-PC" name="Basics.Google1" tests="1" failures="0" timestamp="8 Apr 2020 07:15:59 GMT" time="36.424" errors="0">
  <testcase name="set" time="36.424" classname="Basics.Google1"/>
</testsuite> <!-- Basics.Google1 -->
