<?xml version="1.0" encoding="UTF-8"?>
<!-- Generated by org.testng.reporters.JUnitReportReporter -->
<testsuite hostname="GOD-PC" name="Basics.KeyboardEvents" tests="1" failures="0" timestamp="6 Jul 2020 09:06:07 GMT" time="4.636" errors="0">
  <testcase name="key_board" time="4.636" classname="Basics.KeyboardEvents"/>
</testsuite> <!-- Basics.KeyboardEvents -->
