<?xml version="1.0" encoding="UTF-8"?>
<!-- Generated by org.testng.reporters.JUnitReportReporter -->
<testsuite skipped="0" hostname="GOD-PC" name="Basics.SoftAssrtExample" tests="1" failures="0" timestamp="2020-04-09T19:07:55 IST" time="1.484" errors="0">
  <testcase name="samp" time="1.484" classname="Basics.SoftAssrtExample"/>
</testsuite> <!-- Basics.SoftAssrtExample -->
