<?xml version="1.0" encoding="UTF-8"?>
<!-- Generated by org.testng.reporters.JUnitReportReporter -->
<testsuite skipped="0" hostname="GOD-PC" name="Basics.Google1" tests="1" failures="0" timestamp="2020-04-09T19:07:55 IST" time="54.005" errors="0">
  <testcase name="set" time="54.005" classname="Basics.Google1"/>
</testsuite> <!-- Basics.Google1 -->
